<?xml version="1.0" encoding="UTF-8"?>
<testng-results skipped="0" failed="0" ignored="0" total="1" passed="1">
  <reporter-output>
  </reporter-output>
  <suite name="Default suite" duration-ms="25790" started-at="2019-09-10T14:22:44Z" finished-at="2019-09-10T14:23:10Z">
    <groups>
    </groups>
    <test name="Default test" duration-ms="25790" started-at="2019-09-10T14:22:44Z" finished-at="2019-09-10T14:23:10Z">
      <class name="com.training.sanity.tests.MLevelTestcase3Tests">
        <test-method status="PASS" signature="setUpBeforeClass()[pri:0, instance:com.training.sanity.tests.MLevelTestcase3Tests@68c4039c]" name="setUpBeforeClass" is-config="true" duration-ms="13" started-at="2019-09-10T14:22:44Z" finished-at="2019-09-10T14:22:44Z">
          <reporter-output>
          </reporter-output>
        </test-method> <!-- setUpBeforeClass -->
        <test-method status="PASS" signature="setUp()[pri:0, instance:com.training.sanity.tests.MLevelTestcase3Tests@68c4039c]" name="setUp" is-config="true" duration-ms="6311" started-at="2019-09-10T14:22:44Z" finished-at="2019-09-10T14:22:50Z">
          <reporter-output>
          </reporter-output>
        </test-method> <!-- setUp -->
        <test-method status="PASS" signature="TestCase3()[pri:0, instance:com.training.sanity.tests.MLevelTestcase3Tests@68c4039c]" name="TestCase3" duration-ms="17743" started-at="2019-09-10T14:22:50Z" finished-at="2019-09-10T14:23:08Z">
          <reporter-output>
          </reporter-output>
        </test-method> <!-- TestCase3 -->
        <test-method status="PASS" signature="tearDown()[pri:0, instance:com.training.sanity.tests.MLevelTestcase3Tests@68c4039c]" name="tearDown" is-config="true" duration-ms="1696" started-at="2019-09-10T14:23:08Z" finished-at="2019-09-10T14:23:10Z">
          <reporter-output>
          </reporter-output>
        </test-method> <!-- tearDown -->
      </class> <!-- com.training.sanity.tests.MLevelTestcase3Tests -->
    </test> <!-- Default test -->
  </suite> <!-- Default suite -->
</testng-results>
